#! /usr/local/bin/vvp
:ivl_version "10.1 (stable)" "(v10_1-107-gab6ae79)";
:ivl_delay_selection "TYPICAL";
:vpi_time_precision - 12;
:vpi_module "system";
:vpi_module "vhdl_sys";
:vpi_module "v2005_math";
:vpi_module "va_math";
S_0x2813920 .scope module, "testshiftregister" "testshiftregister" 2 7;
 .timescale -9 -12;
v0x2824ec0_0 .var "clk", 0 0;
v0x2824f80_0 .var "parallelDataIn", 7 0;
v0x2825050_0 .net "parallelDataOut", 7 0, v0x2824880_0;  1 drivers
v0x2825150_0 .var "parallelLoad", 0 0;
v0x2825220_0 .var "peripheralClkEdge", 0 0;
v0x2825310_0 .var "serialDataIn", 0 0;
v0x28253e0_0 .net "serialDataOut", 0 0, v0x2824c00_0;  1 drivers
S_0x2813aa0 .scope module, "dut" "shiftregister" 2 18, 3 9 0, S_0x2813920;
 .timescale -9 -12;
    .port_info 0 /INPUT 1 "clk"
    .port_info 1 /INPUT 1 "peripheralClkEdge"
    .port_info 2 /INPUT 1 "parallelLoad"
    .port_info 3 /INPUT 8 "parallelDataIn"
    .port_info 4 /INPUT 1 "serialDataIn"
    .port_info 5 /OUTPUT 8 "parallelDataOut"
    .port_info 6 /OUTPUT 1 "serialDataOut"
P_0x2811bb0 .param/l "width" 0 3 10, +C4<00000000000000000000000000001000>;
v0x27dbda0_0 .net "clk", 0 0, v0x2824ec0_0;  1 drivers
v0x28247a0_0 .net "parallelDataIn", 7 0, v0x2824f80_0;  1 drivers
v0x2824880_0 .var "parallelDataOut", 7 0;
v0x2824970_0 .net "parallelLoad", 0 0, v0x2825150_0;  1 drivers
v0x2824a30_0 .net "peripheralClkEdge", 0 0, v0x2825220_0;  1 drivers
v0x2824b40_0 .net "serialDataIn", 0 0, v0x2825310_0;  1 drivers
v0x2824c00_0 .var "serialDataOut", 0 0;
v0x2824cc0_0 .var "shiftregistermem", 7 0;
E_0x2814030 .event posedge, v0x27dbda0_0;
    .scope S_0x2813aa0;
T_0 ;
    %wait E_0x2814030;
    %load/vec4 v0x2824970_0;
    %flag_set/vec4 8;
    %jmp/0xz  T_0.0, 8;
    %load/vec4 v0x28247a0_0;
    %assign/vec4 v0x2824cc0_0, 0;
    %jmp T_0.1;
T_0.0 ;
    %load/vec4 v0x2824a30_0;
    %flag_set/vec4 8;
    %jmp/0xz  T_0.2, 8;
    %load/vec4 v0x2824880_0;
    %parti/s 7, 0, 2;
    %load/vec4 v0x2824b40_0;
    %concat/vec4; draw_concat_vec4
    %assign/vec4 v0x2824cc0_0, 0;
T_0.2 ;
T_0.1 ;
    %load/vec4 v0x2824cc0_0;
    %assign/vec4 v0x2824880_0, 0;
    %load/vec4 v0x2824cc0_0;
    %parti/s 1, 7, 4;
    %assign/vec4 v0x2824c00_0, 0;
    %jmp T_0;
    .thread T_0;
    .scope S_0x2813920;
T_1 ;
    %pushi/vec4 0, 0, 1;
    %store/vec4 v0x2824ec0_0, 0, 1;
    %end;
    .thread T_1;
    .scope S_0x2813920;
T_2 ;
    %delay 10000, 0;
    %load/vec4 v0x2824ec0_0;
    %nor/r;
    %store/vec4 v0x2824ec0_0, 0, 1;
    %jmp T_2;
    .thread T_2;
    .scope S_0x2813920;
T_3 ;
    %vpi_call 2 37 "$display", "fuck you" {0 0 0};
    %end;
    .thread T_3;
# The file index is used to find the file name in the following table.
:file_names 4;
    "N/A";
    "<interactive>";
    "shiftregister.t.v";
    "./shiftregister.v";
